<?xml version="1.0" encoding="UTF-8"?>
<testng-results ignored="0" total="4" passed="4" failed="0" skipped="0">
  <reporter-output>
    <line>
      <![CDATA[]]>
    </line>
    <line>
      <![CDATA[https://www.facebook.com/login/?privacy_mutation_token=eyJ0eXBlIjowLCJjcmVhdGlvbl90aW1lIjoxNjIxMTUwMzA1LCJjYWxsc2l0ZV9pZCI6MzgxMjI5MDc5NTc1OTQ2fQ%3D%3D]]>
    </line>
    <line>
      <![CDATA[Log in to Facebook]]>
    </line>
    <line>
      <![CDATA[https://www.facebook.com/login/?next=https%3A%2F%2Fwww.facebook.com%2Fpages%2Fcreate%2F%3Fref_type%3Dregistration_form]]>
    </line>
    <line>
      <![CDATA[Forgotten Password | Can't Log In | Facebook]]>
    </line>
    <line>
      <![CDATA[https://www.facebook.com/login/identify/?ctx=recover&ars=facebook_login&from_login_screen=0]]>
    </line>
    <line>
      <![CDATA[Log in to Facebook]]>
    </line>
    <line>
      <![CDATA[https://www.facebook.com/login/?next=https%3A%2F%2Fwww.facebook.com%2Fpages%2Fcreate%2F%3Fref_type%3Dregistration_form]]>
    </line>
  </reporter-output>
  <suite started-at="2021-05-16T13:01:37 IST" name="Suite" finished-at="2021-05-16T13:02:28 IST" duration-ms="50943">
    <groups>
    </groups>
    <test started-at="2021-05-16T13:01:37 IST" name="Test1" finished-at="2021-05-16T13:02:11 IST" duration-ms="34078">
      <class name="testng.Testcase1">
        <test-method is-config="true" signature="openApp()[pri:0, instance:testng.Testcase1@4e268090]" started-at="2021-05-16T13:01:37 IST" name="openApp" finished-at="2021-05-16T13:01:46 IST" duration-ms="9209" status="PASS">
          <reporter-output>
          </reporter-output>
        </test-method> <!-- openApp -->
        <test-method signature="login()[pri:0, instance:testng.Testcase1@4e268090]" started-at="2021-05-16T13:01:46 IST" name="login" finished-at="2021-05-16T13:01:49 IST" duration-ms="2571" status="PASS">
          <reporter-output>
            <line>
              <![CDATA[]]>
            </line>
            <line>
              <![CDATA[https://www.facebook.com/login/?privacy_mutation_token=eyJ0eXBlIjowLCJjcmVhdGlvbl90aW1lIjoxNjIxMTUwMzA1LCJjYWxsc2l0ZV9pZCI6MzgxMjI5MDc5NTc1OTQ2fQ%3D%3D]]>
            </line>
          </reporter-output>
        </test-method> <!-- login -->
        <test-method is-config="true" signature="closeApp()[pri:0, instance:testng.Testcase1@4e268090]" started-at="2021-05-16T13:01:49 IST" name="closeApp" finished-at="2021-05-16T13:01:54 IST" duration-ms="4804" status="PASS">
          <reporter-output>
          </reporter-output>
        </test-method> <!-- closeApp -->
      </class> <!-- testng.Testcase1 -->
      <class name="testng.Testcase2">
        <test-method is-config="true" signature="openApp()[pri:0, instance:testng.Testcase2@1bb266b3]" started-at="2021-05-16T13:01:54 IST" name="openApp" finished-at="2021-05-16T13:02:05 IST" duration-ms="10743" status="PASS">
          <reporter-output>
          </reporter-output>
        </test-method> <!-- openApp -->
        <test-method signature="forgotpassword()[pri:0, instance:testng.Testcase2@1bb266b3]" started-at="2021-05-16T13:02:05 IST" name="forgotpassword" finished-at="2021-05-16T13:02:11 IST" duration-ms="6067" status="PASS">
          <reporter-output>
            <line>
              <![CDATA[Forgotten Password | Can't Log In | Facebook]]>
            </line>
            <line>
              <![CDATA[https://www.facebook.com/login/identify/?ctx=recover&ars=facebook_login&from_login_screen=0]]>
            </line>
          </reporter-output>
        </test-method> <!-- forgotpassword -->
        <test-method is-config="true" signature="closeAPP()[pri:0, instance:testng.Testcase2@1bb266b3]" started-at="2021-05-16T13:02:11 IST" name="closeAPP" finished-at="2021-05-16T13:02:11 IST" duration-ms="598" status="PASS">
          <reporter-output>
          </reporter-output>
        </test-method> <!-- closeAPP -->
      </class> <!-- testng.Testcase2 -->
    </test> <!-- Test1 -->
    <test started-at="2021-05-16T13:01:37 IST" name="Test2" finished-at="2021-05-16T13:02:28 IST" duration-ms="50943">
      <class name="testng.Testcase3">
        <test-method is-config="true" signature="openApp()[pri:0, instance:testng.Testcase3@346d61be]" started-at="2021-05-16T13:01:37 IST" name="openApp" finished-at="2021-05-16T13:01:50 IST" duration-ms="12864" status="PASS">
          <reporter-output>
          </reporter-output>
        </test-method> <!-- openApp -->
        <test-method signature="createApage()[pri:0, instance:testng.Testcase3@346d61be]" started-at="2021-05-16T13:01:50 IST" name="createApage" finished-at="2021-05-16T13:02:08 IST" duration-ms="17609" status="PASS">
          <reporter-output>
            <line>
              <![CDATA[Log in to Facebook]]>
            </line>
            <line>
              <![CDATA[https://www.facebook.com/login/?next=https%3A%2F%2Fwww.facebook.com%2Fpages%2Fcreate%2F%3Fref_type%3Dregistration_form]]>
            </line>
          </reporter-output>
        </test-method> <!-- createApage -->
        <test-method is-config="true" signature="closeApp()[pri:0, instance:testng.Testcase3@346d61be]" started-at="2021-05-16T13:02:08 IST" name="closeApp" finished-at="2021-05-16T13:02:13 IST" duration-ms="4983" status="PASS">
          <reporter-output>
          </reporter-output>
        </test-method> <!-- closeApp -->
      </class> <!-- testng.Testcase3 -->
      <class name="testng.Testcase4">
        <test-method is-config="true" signature="openApp()[pri:0, instance:testng.Testcase4@55536d9e]" started-at="2021-05-16T13:02:13 IST" name="openApp" finished-at="2021-05-16T13:02:19 IST" duration-ms="6213" status="PASS">
          <reporter-output>
          </reporter-output>
        </test-method> <!-- openApp -->
        <test-method signature="createApage()[pri:0, instance:testng.Testcase4@55536d9e]" started-at="2021-05-16T13:02:19 IST" name="createApage" finished-at="2021-05-16T13:02:28 IST" duration-ms="8702" status="PASS">
          <reporter-output>
            <line>
              <![CDATA[Log in to Facebook]]>
            </line>
            <line>
              <![CDATA[https://www.facebook.com/login/?next=https%3A%2F%2Fwww.facebook.com%2Fpages%2Fcreate%2F%3Fref_type%3Dregistration_form]]>
            </line>
          </reporter-output>
        </test-method> <!-- createApage -->
        <test-method is-config="true" signature="closeApp()[pri:0, instance:testng.Testcase4@55536d9e]" started-at="2021-05-16T13:02:28 IST" name="closeApp" finished-at="2021-05-16T13:02:28 IST" duration-ms="495" status="PASS">
          <reporter-output>
          </reporter-output>
        </test-method> <!-- closeApp -->
      </class> <!-- testng.Testcase4 -->
    </test> <!-- Test2 -->
  </suite> <!-- Suite -->
</testng-results>
