<?xml version="1.0" encoding="UTF-8"?>
<testng-results ignored="0" total="1" passed="1" failed="0" skipped="0">
  <reporter-output>
  </reporter-output>
  <suite started-at="2021-05-15T12:31:53 IST" name="Default suite" finished-at="2021-05-15T12:32:56 IST" duration-ms="62913">
    <groups>
    </groups>
    <test started-at="2021-05-15T12:31:53 IST" name="Default test" finished-at="2021-05-15T12:32:56 IST" duration-ms="62913">
      <class name="dataDriven.Test1">
        <test-method signature="demo()[pri:0, instance:dataDriven.Test1@6497b078]" started-at="2021-05-15T12:31:54 IST" name="demo" finished-at="2021-05-15T12:32:56 IST" duration-ms="62726" status="PASS">
          <reporter-output>
          </reporter-output>
        </test-method> <!-- demo -->
      </class> <!-- dataDriven.Test1 -->
    </test> <!-- Default test -->
  </suite> <!-- Default suite -->
</testng-results>
